<?xml version="1.0" encoding="UTF-8"?>
<!-- Generated by org.testng.reporters.JUnitReportReporter -->
<testsuite hostname="3WNR5Y2" name="org.seleniumjava.tests.TestNGtest" tests="1" failures="0" timestamp="7 May 2020 08:45:47 GMT" time="2.079" errors="0">
  <testcase name="testDisplay" time="2.079" classname="org.seleniumjava.tests.TestNGtest"/>
</testsuite> <!-- org.seleniumjava.tests.TestNGtest -->
