<?xml version="1.0" encoding="UTF-8"?>
<!-- Generated by org.testng.reporters.JUnitReportReporter -->
<testsuite hostname="3WNR5Y2" name="org.seleniumjava.tests.Test3" tests="2" failures="0" timestamp="15 May 2020 12:15:59 GMT" time="0.042" errors="0">
  <testcase name="testMethodOne" time="0.040" classname="org.seleniumjava.tests.Test3"/>
  <testcase name="testMethodTwo" time="0.002" classname="org.seleniumjava.tests.Test3"/>
</testsuite> <!-- org.seleniumjava.tests.Test3 -->
