<?xml version="1.0" encoding="UTF-8"?>
<!-- Generated by org.testng.reporters.JUnitReportReporter -->
<testsuite hostname="3WNR5Y2" name="org.seleniumjava.tests.LoginTest" tests="2" failures="0" timestamp="27 Apr 2020 15:44:01 GMT" time="23.410" errors="0">
  <testcase name="loginTest" time="11.148" classname="org.seleniumjava.tests.LoginTest"/>
  <testcase name="verifyLoginPageTitleTest" time="12.262" classname="org.seleniumjava.tests.LoginTest"/>
</testsuite> <!-- org.seleniumjava.tests.LoginTest -->
