<?xml version="1.0" encoding="UTF-8"?>
<!-- Generated by org.testng.reporters.JUnitReportReporter -->
<testsuite hostname="3WNR5Y2" name="org.seleniumjava.tests.ProductPageTest" tests="6" failures="0" timestamp="11 May 2020 17:24:57 GMT" time="100.255" errors="0">
  <testcase name="sortByFeature" time="15.818" classname="org.seleniumjava.tests.ProductPageTest"/>
  <testcase name="verifyProducPageTitle" time="17.215" classname="org.seleniumjava.tests.ProductPageTest"/>
  <testcase name="sortByFeature" time="14.545" classname="org.seleniumjava.tests.ProductPageTest"/>
  <testcase name="sortByFeature" time="14.789" classname="org.seleniumjava.tests.ProductPageTest"/>
  <testcase name="sortByFeature" time="15.151" classname="org.seleniumjava.tests.ProductPageTest"/>
  <testcase name="selectSubProductAddToCart" time="22.737" classname="org.seleniumjava.tests.ProductPageTest"/>
</testsuite> <!-- org.seleniumjava.tests.ProductPageTest -->
