<?xml version="1.0" encoding="UTF-8"?>
<!-- Generated by org.testng.reporters.JUnitReportReporter -->
<testsuite hostname="3WNR5Y2" name="org.seleniumjava.testScenarioRunner.TestRunner" tests="1" failures="0" timestamp="20 May 2020 16:15:25 GMT" time="31.151" errors="0">
  <testcase name="testRun" time="31.151" classname="org.seleniumjava.testScenarioRunner.TestRunner"/>
</testsuite> <!-- org.seleniumjava.testScenarioRunner.TestRunner -->
