<?xml version="1.0" encoding="UTF-8"?>
<!-- Generated by org.testng.reporters.JUnitReportReporter -->
<testsuite hostname="3WNR5Y2" name="org.seleniumjava.testscenarios.TS_ShippingCost" tests="2" failures="0" timestamp="20 May 2020 13:54:30 GMT" time="4.239" errors="0">
  <testcase name="CheckOutCart" time="1.003" classname="org.seleniumjava.testscenarios.TS_ShippingCost"/>
  <testcase name="selectAndAddToCart" time="3.236" classname="org.seleniumjava.testscenarios.TS_ShippingCost"/>
</testsuite> <!-- org.seleniumjava.testscenarios.TS_ShippingCost -->
