<?xml version="1.0" encoding="UTF-8"?>
<!-- Generated by org.testng.reporters.JUnitReportReporter -->
<testsuite hostname="3WNR5Y2" name="org.seleniumjava.testScenarioRunner.TS_ShoppingCostRunner" tests="1" failures="0" timestamp="20 May 2020 16:36:01 GMT" time="34.794" errors="0">
  <testcase name="testRun" time="34.794" classname="org.seleniumjava.testScenarioRunner.TS_ShoppingCostRunner"/>
</testsuite> <!-- org.seleniumjava.testScenarioRunner.TS_ShoppingCostRunner -->
