<?xml version="1.0" encoding="UTF-8"?>
<!-- Generated by org.testng.reporters.JUnitReportReporter -->
<testsuite hostname="3WNR5Y2" name="org.seleniumjava.testscenarios.TestRunner" tests="1" failures="0" timestamp="20 May 2020 15:59:54 GMT" time="33.900" errors="0">
  <testcase name="testRun" time="33.900" classname="org.seleniumjava.testscenarios.TestRunner"/>
</testsuite> <!-- org.seleniumjava.testscenarios.TestRunner -->
