<?xml version="1.0" encoding="UTF-8"?>
<!-- Generated by org.testng.reporters.JUnitReportReporter -->
<testsuite hostname="3WNR5Y2" name="org.seleniumjava.tests.Test2" tests="1" failures="0" timestamp="29 Apr 2020 13:02:37 GMT" time="0.002" errors="0">
  <testcase name="getDataAtSuiteLevel" time="0.002" classname="org.seleniumjava.tests.Test2"/>
</testsuite> <!-- org.seleniumjava.tests.Test2 -->
