<?xml version="1.0" encoding="UTF-8"?>
<!-- Generated by org.testng.reporters.JUnitReportReporter -->
<testsuite hostname="3WNR5Y2" name="org.seleniumjava.testscenarios.TS_ShoppingCost" tests="2" failures="0" timestamp="20 May 2020 16:36:01 GMT" time="5.394" errors="0">
  <testcase name="CheckOutCart" time="1.063" classname="org.seleniumjava.testscenarios.TS_ShoppingCost"/>
  <testcase name="selectAndAddToCart" time="4.331" classname="org.seleniumjava.testscenarios.TS_ShoppingCost"/>
</testsuite> <!-- org.seleniumjava.testscenarios.TS_ShoppingCost -->
