<?xml version="1.0" encoding="UTF-8"?>
<!-- Generated by org.testng.reporters.JUnitReportReporter -->
<testsuite hostname="3WNR5Y2" name="org.seleniumjava.tests.LoginTest" tests="2" failures="0" timestamp="20 May 2020 15:10:08 GMT" time="25.150" errors="0">
  <testcase name="loginTest" time="12.213" classname="org.seleniumjava.tests.LoginTest"/>
  <testcase name="verifyLoginPageTitleTest" time="12.937" classname="org.seleniumjava.tests.LoginTest"/>
</testsuite> <!-- org.seleniumjava.tests.LoginTest -->
