<?xml version="1.0" encoding="UTF-8"?>
<!-- Generated by org.testng.reporters.JUnitReportReporter -->
<testsuite hostname="3WNR5Y2" name="testScenarioRunner.TestRunner" tests="1" failures="0" timestamp="20 May 2020 16:06:44 GMT" time="32.558" errors="0">
  <testcase name="testRun" time="32.558" classname="testScenarioRunner.TestRunner"/>
</testsuite> <!-- testScenarioRunner.TestRunner -->
