<?xml version="1.0" encoding="UTF-8"?>
<!-- Generated by org.testng.reporters.JUnitReportReporter -->
<testsuite hostname="3WNR5Y2" name="org.seleniumjava.tests.ProductPageTest" tests="6" failures="0" timestamp="27 Apr 2020 15:44:01 GMT" time="86.669" errors="0">
  <testcase name="verifyProducPageTitle" time="15.538" classname="org.seleniumjava.tests.ProductPageTest"/>
  <testcase name="sortByFeature" time="13.858" classname="org.seleniumjava.tests.ProductPageTest"/>
  <testcase name="sortByFeature" time="14.051" classname="org.seleniumjava.tests.ProductPageTest"/>
  <testcase name="sortByFeature" time="13.839" classname="org.seleniumjava.tests.ProductPageTest"/>
  <testcase name="sortByFeature" time="13.948" classname="org.seleniumjava.tests.ProductPageTest"/>
  <testcase name="selectSubProductAddToCart" time="15.435" classname="org.seleniumjava.tests.ProductPageTest"/>
</testsuite> <!-- org.seleniumjava.tests.ProductPageTest -->
