<?xml version="1.0" encoding="UTF-8"?>
<!-- Generated by org.testng.reporters.JUnitReportReporter -->
<testsuite skipped="0" hostname="3WNR5Y2" name="org.seleniumjava.tests.LoginTest" tests="2" failures="0" timestamp="20 May 2020 14:16:11 GMT" time="24.175" errors="0">
  <testcase name="verifyLoginPageTitleTest" time="12.978" classname="org.seleniumjava.tests.LoginTest"/>
  <testcase name="loginTest" time="11.197" classname="org.seleniumjava.tests.LoginTest"/>
</testsuite> <!-- org.seleniumjava.tests.LoginTest -->
