<?xml version="1.0" encoding="UTF-8"?>
<!-- Generated by org.testng.reporters.JUnitReportReporter -->
<testsuite skipped="0" hostname="3WNR5Y2" name="org.seleniumjava.tests.ProductPageTest" tests="6" failures="0" timestamp="27 Apr 2020 11:04:29 GMT" time="94.059" errors="0">
  <testcase name="verifyProducPageTitle" time="15.563" classname="org.seleniumjava.tests.ProductPageTest"/>
  <testcase name="sortByFeature" time="14.372" classname="org.seleniumjava.tests.ProductPageTest"/>
  <testcase name="sortByFeature" time="13.947" classname="org.seleniumjava.tests.ProductPageTest"/>
  <testcase name="sortByFeature" time="13.899" classname="org.seleniumjava.tests.ProductPageTest"/>
  <testcase name="sortByFeature" time="13.994" classname="org.seleniumjava.tests.ProductPageTest"/>
  <testcase name="selectSubProductAddToCart" time="22.284" classname="org.seleniumjava.tests.ProductPageTest"/>
</testsuite> <!-- org.seleniumjava.tests.ProductPageTest -->
