<?xml version="1.0" encoding="UTF-8"?>
<!-- Generated by org.testng.reporters.JUnitReportReporter -->
<testsuite skipped="1" hostname="3WNR5Y2" name="org.seleniumjava.tests.ProductPageTest" tests="3" failures="0" timestamp="20 May 2020 14:16:11 GMT" time="31.999" errors="0">
  <testcase name="verifyProducPageTitle" time="15.959" classname="org.seleniumjava.tests.ProductPageTest"/>
  <testcase name="sortByFeature" time="13.686" classname="org.seleniumjava.tests.ProductPageTest">
    <skipped/>
  </testcase> <!-- sortByFeature -->
  <testcase name="selectSubProductAddToCart" time="2.354" classname="org.seleniumjava.tests.ProductPageTest"/>
</testsuite> <!-- org.seleniumjava.tests.ProductPageTest -->
