<?xml version="1.0" encoding="UTF-8"?>
<!-- Generated by org.testng.reporters.JUnitReportReporter -->
<testsuite skipped="0" hostname="3WNR5Y2" name="org.seleniumjava.tests.LoginTest" tests="2" failures="0" timestamp="27 Apr 2020 11:04:29 GMT" time="24.014" errors="0">
  <testcase name="verifyLoginPageTitleTest" time="12.308" classname="org.seleniumjava.tests.LoginTest"/>
  <testcase name="loginTest" time="11.706" classname="org.seleniumjava.tests.LoginTest"/>
</testsuite> <!-- org.seleniumjava.tests.LoginTest -->
